<?xml version="1.0" encoding="UTF-8"?>
<testsuite name="org.mobile.TestRunner" tests="1" skipped="0" failures="0" errors="0" timestamp="2024-03-05T16:33:53" hostname="DESKTOP-4E3K38M" time="25.792">
  <properties/>
  <testcase name="Example #1.1" classname="org.mobile.TestRunner" time="25.792"/>
  <system-out><![CDATA[
@A_ALVAREZ
Scenario Outline: Validate 'Enter the 6 digit code' screen              ?[90m# features/GetStarted/GetStarted.feature:15?[0m
  ?[32mGiven ?[0m?[32mUser clicks on 'Get started' button?[0m                             ?[90m# org.mobile.Steps.GetStarted.GetStartedSteps.clickOnGetStarted()?[0m
The item did not appear or became stalked. Retrying...
  ?[32mAnd ?[0m?[32m'Enter your phone number' screen is displayed?[0m                     ?[90m# org.mobile.Steps.GetStarted.GetStartedSteps.enterYourPhoneNumberScreenWillBeDisplayed()?[0m
  ?[32m* ?[0m?[32mSelect ?[0m?[32m?[1m"Uruguay"?[0m?[32m in the list of numerical characteristics?[0m           ?[90m# org.mobile.Steps.GetStarted.GetStartedSteps.selectCountryNumericalCharacteristics(java.lang.String)?[0m
  ?[32m* ?[0m?[32mEnter a valid cell phone number for the selected country ?[0m?[32m?[1m"99100016"?[0m ?[90m# org.mobile.Steps.GetStarted.GetStartedSteps.enterValirCellPhoneForSelectedCountry(java.lang.String)?[0m
  ?[32mWhen ?[0m?[32mUser click on the 'Continue' button?[0m                              ?[90m# org.mobile.Steps.GetStarted.GetStartedSteps.clickOnContinueBtn()?[0m
  ?[32mThen ?[0m?[32m'Enter the 6 digit code' screen is displayed?[0m                     ?[90m# org.mobile.Steps.GetStarted.GetStartedSteps.enterThe6DigitCodeScreenWillBeDisplayed()?[0m

1 Scenarios (?[32m1 passed?[0m)
6 Steps (?[32m6 passed?[0m)
0m25.858s


]]></system-out>
  <system-err><![CDATA[Mar 05, 2024 1:34:11 PM io.appium.java_client.remote.AppiumCommandExecutor$1 lambda$0
INFO: Detected dialect: W3C
ERROR StatusLogger Log4j2 could not find a logging implementation. Please add log4j-core to the classpath. Using SimpleLogger to log to the console...
Mar 05, 2024 1:34:21 PM tech.grasshopper.pdf.PDFCucumberReport collectReportConfiguration
INFO: PDF report configuration YAML file not found. Using default settings.
]]></system-err>
</testsuite>
